#
# There is insufficient memory for the Java Runtime Environment to continue.
# Native memory allocation (malloc) failed to allocate 891056 bytes for Chunk::new
# Possible reasons:
#   The system is out of physical RAM or swap space
#   In 32 bit mode, the process size limit was hit
# Possible solutions:
#   Reduce memory load on the system
#   Increase physical memory or swap space
#   Check if swap backing store is full
#   Use 64 bit Java on a 64 bit OS
#   Decrease Java heap size (-Xmx/-Xms)
#   Decrease number of Java threads
#   Decrease Java thread stack sizes (-Xss)
#   Set larger code cache with -XX:ReservedCodeCacheSize=
# This output file may be truncated or incomplete.
#
#  Out of Memory Error (allocation.cpp:390), pid=12432, tid=0x00000000000031b0
#
# JRE version: Java(TM) SE Runtime Environment (8.0_131-b11) (build 1.8.0_131-b11)
# Java VM: Java HotSpot(TM) 64-Bit Server VM (25.131-b11 mixed mode windows-amd64 compressed oops)
# Failed to write core dump. Minidumps are not enabled by default on client versions of Windows
#

---------------  T H R E A D  ---------------

Current thread (0x0000000014a05000):  JavaThread "C2 CompilerThread1" daemon [_thread_in_native, id=12720, stack(0x0000000016160000,0x0000000016260000)]

Stack: [0x0000000016160000,0x0000000016260000]
[error occurred during error reporting (printing stack bounds), id 0xc0000005]

Native frames: (J=compiled Java code, j=interpreted, Vv=VM code, C=native code)


Current CompileTask:
C2:  19352 2220       4       com.android.dx.dex.code.OutputFinisher::addConstants (93 bytes)


---------------  P R O C E S S  ---------------

Java Threads: ( => current thread )
  0x0000000016266000 JavaThread "Service Thread" daemon [_thread_blocked, id=6324, stack(0x0000000016760000,0x0000000016860000)]
  0x0000000016260800 JavaThread "C1 CompilerThread2" daemon [_thread_blocked, id=232, stack(0x0000000016660000,0x0000000016760000)]
=>0x0000000014a05000 JavaThread "C2 CompilerThread1" daemon [_thread_in_native, id=12720, stack(0x0000000016160000,0x0000000016260000)]
  0x0000000014a00000 JavaThread "C2 CompilerThread0" daemon [_thread_in_native, id=3820, stack(0x0000000016060000,0x0000000016160000)]
  0x00000000149fe800 JavaThread "Attach Listener" daemon [_thread_blocked, id=748, stack(0x0000000015f60000,0x0000000016060000)]
  0x000000000232e800 JavaThread "Signal Dispatcher" daemon [_thread_blocked, id=10476, stack(0x0000000015e60000,0x0000000015f60000)]
  0x00000000149ea000 JavaThread "Finalizer" daemon [_thread_blocked, id=11604, stack(0x0000000015c70000,0x0000000015d70000)]
  0x00000000149c9000 JavaThread "Reference Handler" daemon [_thread_blocked, id=6508, stack(0x0000000015b70000,0x0000000015c70000)]
  0x000000000095d800 JavaThread "main" [_thread_in_Java, id=1944, stack(0x0000000002130000,0x0000000002230000)]

Other Threads:
  0x00000000149c8000 VMThread [stack: 0x0000000015a70000,0x0000000015b70000] [id=6576]
  0x0000000016279800 WatcherThread [stack: 0x0000000016860000,0x0000000016960000] [id=10100]

VM state:not at safepoint (normal execution)

VM Mutex/Monitor currently owned by a thread: None

Heap:
 PSYoungGen      total 138752K, used 57398K [0x00000000eab00000, 0x00000000f4c00000, 0x0000000100000000)
  eden space 124928K, 34% used [0x00000000eab00000,0x00000000ed595310,0x00000000f2500000)
  from space 13824K, 99% used [0x00000000f3680000,0x00000000f43f88b0,0x00000000f4400000)
  to   space 17920K, 0% used [0x00000000f2500000,0x00000000f2500000,0x00000000f3680000)
 ParOldGen       total 44032K, used 29030K [0x00000000c0000000, 0x00000000c2b00000, 0x00000000eab00000)
  object space 44032K, 65% used [0x00000000c0000000,0x00000000c1c59890,0x00000000c2b00000)
 Metaspace       used 6686K, capacity 7288K, committed 7424K, reserved 1056768K
  class space    used 649K, capacity 688K, committed 768K, reserved 1048576K

Card table byte_map: [0x00000000116f0000,0x0000000011900000] byte_map_base: 0x00000000110f0000

Marking Bits: (ParMarkBitMap*) 0x000000005b79c720
 Begin Bits: [0x0000000011e60000, 0x0000000012e60000)
 End Bits:   [0x0000000012e60000, 0x0000000013e60000)

Polling page: 0x0000000000450000

CodeCache: size=245760Kb used=10137Kb max_used=10151Kb free=235622Kb
 bounds [0x0000000002330000, 0x0000000002d30000, 0x0000000011330000]
 total_blobs=2365 nmethods=2095 adapters=182
 compilation: enabled

Compilation events (10 events):
Event: 19.176 Thread 0x0000000016260800 2223       3       com.android.dx.rop.cst.CstMemberRef::hashCode (19 bytes)
Event: 19.177 Thread 0x0000000016260800 nmethod 2223 0x0000000002cf3fd0 code [0x0000000002cf4180, 0x0000000002cf49a8]
Event: 19.196 Thread 0x0000000014a00000 nmethod 2215 0x0000000002cf9110 code [0x0000000002cf9400, 0x0000000002cfb838]
Event: 19.196 Thread 0x0000000014a00000 2226   !   4       com.android.dx.rop.cst.CstType::intern (48 bytes)
Event: 19.198 Thread 0x0000000016260800 2227 %     3       com.android.dx.dex.code.StdCatchBuilder::hasAnyCatches @ 15 (57 bytes)
Event: 19.198 Thread 0x0000000016260800 nmethod 2227% 0x0000000002d047d0 code [0x0000000002d049c0, 0x0000000002d05738]
Event: 19.198 Thread 0x0000000016260800 2228       3       com.android.dx.dex.code.StdCatchBuilder::hasAnyCatches (57 bytes)
Event: 19.199 Thread 0x0000000016260800 nmethod 2228 0x0000000002d006d0 code [0x0000000002d008c0, 0x0000000002d015f8]
Event: 19.215 Thread 0x0000000014a00000 nmethod 2226 0x0000000002d25390 code [0x0000000002d25580, 0x0000000002d262c0]
Event: 19.215 Thread 0x0000000014a00000 2229       4       com.android.dx.dex.code.OutputFinisher::getAllConstants (47 bytes)

GC Heap History (10 events):
Event: 4.037 GC heap before
{Heap before GC invocations=4 (full 0):
 PSYoungGen      total 18944K, used 18934K [0x00000000eab00000, 0x00000000ed000000, 0x0000000100000000)
  eden space 16384K, 100% used [0x00000000eab00000,0x00000000ebb00000,0x00000000ebb00000)
  from space 2560K, 99% used [0x00000000ebb00000,0x00000000ebd7daf0,0x00000000ebd80000)
  to   space 2560K, 0% used [0x00000000ecd80000,0x00000000ecd80000,0x00000000ed000000)
 ParOldGen       total 44032K, used 7333K [0x00000000c0000000, 0x00000000c2b00000, 0x00000000eab00000)
  object space 44032K, 16% used [0x00000000c0000000,0x00000000c07294d0,0x00000000c2b00000)
 Metaspace       used 6372K, capacity 7128K, committed 7424K, reserved 1056768K
  class space    used 641K, capacity 656K, committed 768K, reserved 1048576K
Event: 4.065 GC heap after
Heap after GC invocations=4 (full 0):
 PSYoungGen      total 35328K, used 2540K [0x00000000eab00000, 0x00000000ed000000, 0x0000000100000000)
  eden space 32768K, 0% used [0x00000000eab00000,0x00000000eab00000,0x00000000ecb00000)
  from space 2560K, 99% used [0x00000000ecd80000,0x00000000ecffb270,0x00000000ed000000)
  to   space 2560K, 0% used [0x00000000ecb00000,0x00000000ecb00000,0x00000000ecd80000)
 ParOldGen       total 44032K, used 10580K [0x00000000c0000000, 0x00000000c2b00000, 0x00000000eab00000)
  object space 44032K, 24% used [0x00000000c0000000,0x00000000c0a552e0,0x00000000c2b00000)
 Metaspace       used 6372K, capacity 7128K, committed 7424K, reserved 1056768K
  class space    used 641K, capacity 656K, committed 768K, reserved 1048576K
}
Event: 5.763 GC heap before
{Heap before GC invocations=5 (full 0):
 PSYoungGen      total 35328K, used 35308K [0x00000000eab00000, 0x00000000ed000000, 0x0000000100000000)
  eden space 32768K, 100% used [0x00000000eab00000,0x00000000ecb00000,0x00000000ecb00000)
  from space 2560K, 99% used [0x00000000ecd80000,0x00000000ecffb270,0x00000000ed000000)
  to   space 2560K, 0% used [0x00000000ecb00000,0x00000000ecb00000,0x00000000ecd80000)
 ParOldGen       total 44032K, used 10580K [0x00000000c0000000, 0x00000000c2b00000, 0x00000000eab00000)
  object space 44032K, 24% used [0x00000000c0000000,0x00000000c0a552e0,0x00000000c2b00000)
 Metaspace       used 6406K, capacity 7128K, committed 7424K, reserved 1056768K
  class space    used 642K, capacity 656K, committed 768K, reserved 1048576K
Event: 5.977 GC heap after
Heap after GC invocations=5 (full 0):
 PSYoungGen      total 35328K, used 2535K [0x00000000eab00000, 0x00000000ef900000, 0x0000000100000000)
  eden space 32768K, 0% used [0x00000000eab00000,0x00000000eab00000,0x00000000ecb00000)
  from space 2560K, 99% used [0x00000000ecb00000,0x00000000ecd79df0,0x00000000ecd80000)
  to   space 7168K, 0% used [0x00000000ef200000,0x00000000ef200000,0x00000000ef900000)
 ParOldGen       total 44032K, used 14444K [0x00000000c0000000, 0x00000000c2b00000, 0x00000000eab00000)
  object space 44032K, 32% used [0x00000000c0000000,0x00000000c0e1b2b0,0x00000000c2b00000)
 Metaspace       used 6406K, capacity 7128K, committed 7424K, reserved 1056768K
  class space    used 642K, capacity 656K, committed 768K, reserved 1048576K
}
Event: 8.330 GC heap before
{Heap before GC invocations=6 (full 0):
 PSYoungGen      total 35328K, used 35303K [0x00000000eab00000, 0x00000000ef900000, 0x0000000100000000)
  eden space 32768K, 100% used [0x00000000eab00000,0x00000000ecb00000,0x00000000ecb00000)
  from space 2560K, 99% used [0x00000000ecb00000,0x00000000ecd79df0,0x00000000ecd80000)
  to   space 7168K, 0% used [0x00000000ef200000,0x00000000ef200000,0x00000000ef900000)
 ParOldGen       total 44032K, used 14444K [0x00000000c0000000, 0x00000000c2b00000, 0x00000000eab00000)
  object space 44032K, 32% used [0x00000000c0000000,0x00000000c0e1b2b0,0x00000000c2b00000)
 Metaspace       used 6454K, capacity 7192K, committed 7424K, reserved 1056768K
  class space    used 642K, capacity 656K, committed 768K, reserved 1048576K
Event: 8.468 GC heap after
Heap after GC invocations=6 (full 0):
 PSYoungGen      total 71680K, used 7143K [0x00000000eab00000, 0x00000000efb00000, 0x0000000100000000)
  eden space 64512K, 0% used [0x00000000eab00000,0x00000000eab00000,0x00000000eea00000)
  from space 7168K, 99% used [0x00000000ef200000,0x00000000ef8f9c28,0x00000000ef900000)
  to   space 8192K, 0% used [0x00000000eea00000,0x00000000eea00000,0x00000000ef200000)
 ParOldGen       total 44032K, used 14989K [0x00000000c0000000, 0x00000000c2b00000, 0x00000000eab00000)
  object space 44032K, 34% used [0x00000000c0000000,0x00000000c0ea3778,0x00000000c2b00000)
 Metaspace       used 6454K, capacity 7192K, committed 7424K, reserved 1056768K
  class space    used 642K, capacity 656K, committed 768K, reserved 1048576K
}
Event: 10.338 GC heap before
{Heap before GC invocations=7 (full 0):
 PSYoungGen      total 71680K, used 71655K [0x00000000eab00000, 0x00000000efb00000, 0x0000000100000000)
  eden space 64512K, 100% used [0x00000000eab00000,0x00000000eea00000,0x00000000eea00000)
  from space 7168K, 99% used [0x00000000ef200000,0x00000000ef8f9c28,0x00000000ef900000)
  to   space 8192K, 0% used [0x00000000eea00000,0x00000000eea00000,0x00000000ef200000)
 ParOldGen       total 44032K, used 14989K [0x00000000c0000000, 0x00000000c2b00000, 0x00000000eab00000)
  object space 44032K, 34% used [0x00000000c0000000,0x00000000c0ea3778,0x00000000c2b00000)
 Metaspace       used 6492K, capacity 7192K, committed 7424K, reserved 1056768K
  class space    used 642K, capacity 656K, committed 768K, reserved 1048576K
Event: 12.427 GC heap after
Heap after GC invocations=7 (full 0):
 PSYoungGen      total 72704K, used 8181K [0x00000000eab00000, 0x00000000f4400000, 0x0000000100000000)
  eden space 64512K, 0% used [0x00000000eab00000,0x00000000eab00000,0x00000000eea00000)
  from space 8192K, 99% used [0x00000000eea00000,0x00000000ef1fd6a8,0x00000000ef200000)
  to   space 13824K, 0% used [0x00000000f3680000,0x00000000f3680000,0x00000000f4400000)
 ParOldGen       total 44032K, used 24299K [0x00000000c0000000, 0x00000000c2b00000, 0x00000000eab00000)
  object space 44032K, 55% used [0x00000000c0000000,0x00000000c17bae68,0x00000000c2b00000)
 Metaspace       used 6492K, capacity 7192K, committed 7424K, reserved 1056768K
  class space    used 642K, capacity 656K, committed 768K, reserved 1048576K
}
Event: 15.254 GC heap before
{Heap before GC invocations=8 (full 0):
 PSYoungGen      total 72704K, used 72693K [0x00000000eab00000, 0x00000000f4400000, 0x0000000100000000)
  eden space 64512K, 100% used [0x00000000eab00000,0x00000000eea00000,0x00000000eea00000)
  from space 8192K, 99% used [0x00000000eea00000,0x00000000ef1fd6a8,0x00000000ef200000)
  to   space 13824K, 0% used [0x00000000f3680000,0x00000000f3680000,0x00000000f4400000)
 ParOldGen       total 44032K, used 24299K [0x00000000c0000000, 0x00000000c2b00000, 0x00000000eab00000)
  object space 44032K, 55% used [0x00000000c0000000,0x00000000c17bae68,0x00000000c2b00000)
 Metaspace       used 6579K, capacity 7192K, committed 7424K, reserved 1056768K
  class space    used 642K, capacity 656K, committed 768K, reserved 1048576K
Event: 16.462 GC heap after
Heap after GC invocations=8 (full 0):
 PSYoungGen      total 138752K, used 13794K [0x00000000eab00000, 0x00000000f4c00000, 0x0000000100000000)
  eden space 124928K, 0% used [0x00000000eab00000,0x00000000eab00000,0x00000000f2500000)
  from space 13824K, 99% used [0x00000000f3680000,0x00000000f43f88b0,0x00000000f4400000)
  to   space 17920K, 0% used [0x00000000f2500000,0x00000000f2500000,0x00000000f3680000)
 ParOldGen       total 44032K, used 29030K [0x00000000c0000000, 0x00000000c2b00000, 0x00000000eab00000)
  object space 44032K, 65% used [0x00000000c0000000,0x00000000c1c59890,0x00000000c2b00000)
 Metaspace       used 6579K, capacity 7192K, committed 7424K, reserved 1056768K
  class space    used 642K, capacity 656K, committed 768K, reserved 1048576K
}

Deoptimization events (10 events):
Event: 9.890 Thread 0x000000000095d800 Uncommon trap: reason=bimorphic action=maybe_recompile pc=0x000000000287ff18 method=com.android.dx.ssa.LiteralOpUpgrader.tryReplacingWithConstant(Lcom/android/dx/ssa/NormalSsaInsn;)Z @ 62
Event: 18.294 Thread 0x000000000095d800 Uncommon trap: reason=class_check action=maybe_recompile pc=0x0000000002836a48 method=java.util.Arrays.hashCode([Ljava/lang/Object;)I @ 43
Event: 18.294 Thread 0x000000000095d800 Uncommon trap: reason=class_check action=maybe_recompile pc=0x0000000002836a48 method=java.util.Arrays.hashCode([Ljava/lang/Object;)I @ 43
Event: 18.295 Thread 0x000000000095d800 Uncommon trap: reason=class_check action=maybe_recompile pc=0x0000000002836a48 method=java.util.Arrays.hashCode([Ljava/lang/Object;)I @ 43
Event: 18.295 Thread 0x000000000095d800 Uncommon trap: reason=class_check action=maybe_recompile pc=0x0000000002836a48 method=java.util.Arrays.hashCode([Ljava/lang/Object;)I @ 43
Event: 18.295 Thread 0x000000000095d800 Uncommon trap: reason=class_check action=maybe_recompile pc=0x0000000002811374 method=java.util.Arrays.hashCode([Ljava/lang/Object;)I @ 43
Event: 18.320 Thread 0x000000000095d800 Uncommon trap: reason=class_check action=maybe_recompile pc=0x00000000027dbcc0 method=java.util.HashMap.putVal(ILjava/lang/Object;Ljava/lang/Object;ZZ)Ljava/lang/Object; @ 203
Event: 18.320 Thread 0x000000000095d800 Uncommon trap: reason=class_check action=maybe_recompile pc=0x00000000027dbcc0 method=java.util.HashMap.putVal(ILjava/lang/Object;Ljava/lang/Object;ZZ)Ljava/lang/Object; @ 203
Event: 18.320 Thread 0x000000000095d800 Uncommon trap: reason=class_check action=maybe_recompile pc=0x00000000027dbcc0 method=java.util.HashMap.putVal(ILjava/lang/Object;Ljava/lang/Object;ZZ)Ljava/lang/Object; @ 203
Event: 18.320 Thread 0x000000000095d800 Uncommon trap: reason=class_check action=maybe_recompile pc=0x00000000027dbcc0 method=java.util.HashMap.putVal(ILjava/lang/Object;Ljava/lang/Object;ZZ)Ljava/lang/Object; @ 203

Internal exceptions (6 events):
Event: 0.043 Thread 0x000000000095d800 Exception <a 'java/lang/NoSuchMethodError': Method sun.misc.Unsafe.defineClass(Ljava/lang/String;[BII)Ljava/lang/Class; name or signature does not match> (0x00000000eab07ca8) thrown at [C:\re\workspace\8-2-build-windows-amd64-cygwin\jdk8u131\8869\hotspot\
Event: 0.043 Thread 0x000000000095d800 Exception <a 'java/lang/NoSuchMethodError': Method sun.misc.Unsafe.prefetchRead(Ljava/lang/Object;J)V name or signature does not match> (0x00000000eab07f90) thrown at [C:\re\workspace\8-2-build-windows-amd64-cygwin\jdk8u131\8869\hotspot\src\share\vm\prims
Event: 1.522 Thread 0x00000000164c9000 Implicit null exception at 0x0000000002666322 to 0x000000000266641a
Event: 3.122 Thread 0x00000000164c9000 Exception <a 'java/lang/ArrayIndexOutOfBoundsException': 18> (0x00000000eb0f7af8) thrown at [C:\re\workspace\8-2-build-windows-amd64-cygwin\jdk8u131\8869\hotspot\src\share\vm\interpreter\interpreterRuntime.cpp, line 366]
Event: 3.637 Thread 0x00000000164c9000 Exception <a 'java/lang/ArrayIndexOutOfBoundsException'> (0x00000000eb0f9678) thrown at [C:\re\workspace\8-2-build-windows-amd64-cygwin\jdk8u131\8869\hotspot\src\share\vm\runtime\sharedRuntime.cpp, line 605]
Event: 3.638 Thread 0x00000000164c9000 Exception <a 'java/lang/ArrayIndexOutOfBoundsException'> (0x00000000eb0fa960) thrown at [C:\re\workspace\8-2-build-windows-amd64-cygwin\jdk8u131\8869\hotspot\src\share\vm\runtime\sharedRuntime.cpp, line 605]

Events (10 events):
Event: 18.320 Thread 0x000000000095d800 DEOPT PACKING pc=0x00000000027dbcc0 sp=0x000000000222f320
Event: 18.320 Thread 0x000000000095d800 DEOPT UNPACKING pc=0x000000000237582a sp=0x000000000222f240 mode 2
Event: 18.329 loading class com/android/dx/dex/file/CatchStructs
Event: 18.329 loading class com/android/dx/dex/file/CatchStructs done
Event: 18.349 Thread 0x000000000095d800 DEOPT PACKING pc=0x0000000002cd99ea sp=0x000000000222f330
Event: 18.349 Thread 0x000000000095d800 DEOPT UNPACKING pc=0x000000000237787f sp=0x000000000222f0c0 mode 0
Event: 18.357 Thread 0x000000000095d800 DEOPT PACKING pc=0x0000000002cd81f5 sp=0x000000000222f2b0
Event: 18.357 Thread 0x000000000095d800 DEOPT UNPACKING pc=0x000000000237787f sp=0x000000000222eff8 mode 0
Event: 19.199 Thread 0x000000000095d800 DEOPT PACKING pc=0x0000000002cda404 sp=0x000000000222f360
Event: 19.199 Thread 0x000000000095d800 DEOPT UNPACKING pc=0x000000000237787f sp=0x000000000222f0b0 mode 0


Dynamic libraries:
0x00007ff790c60000 - 0x00007ff790c97000 	C:\Program Files\Java\jdk1.8.0_131\bin\java.exe
0x00007fff247d0000 - 0x00007fff249a1000 	C:\Windows\SYSTEM32\ntdll.dll
0x00007fff22340000 - 0x00007fff223ec000 	C:\Windows\System32\KERNEL32.DLL
0x00007fff21a90000 - 0x00007fff21cad000 	C:\Windows\System32\KERNELBASE.dll
0x00007fff24380000 - 0x00007fff24422000 	C:\Windows\System32\ADVAPI32.dll
0x00007fff222a0000 - 0x00007fff2233e000 	C:\Windows\System32\msvcrt.dll
0x00007fff23ed0000 - 0x00007fff23f29000 	C:\Windows\System32\sechost.dll
0x00007fff23b40000 - 0x00007fff23c61000 	C:\Windows\System32\RPCRT4.dll
0x00007fff220c0000 - 0x00007fff22225000 	C:\Windows\System32\USER32.dll
0x00007fff21a70000 - 0x00007fff21a8e000 	C:\Windows\System32\win32u.dll
0x00007fff21d70000 - 0x00007fff21da4000 	C:\Windows\System32\GDI32.dll
0x00007fff21830000 - 0x00007fff219b2000 	C:\Windows\System32\gdi32full.dll
0x00007fff10a10000 - 0x00007fff10c8a000 	C:\Windows\WinSxS\amd64_microsoft.windows.common-controls_6595b64144ccf1df_6.0.14393.953_none_42151e83c686086b\COMCTL32.dll
0x00007fff24500000 - 0x00007fff247c8000 	C:\Windows\System32\combase.dll
0x00007fff216c0000 - 0x00007fff217b5000 	C:\Windows\System32\ucrtbase.dll
0x00007fff217c0000 - 0x00007fff2182a000 	C:\Windows\System32\bcryptPrimitives.dll
0x00007fff23b10000 - 0x00007fff23b3e000 	C:\Windows\System32\IMM32.DLL
0x000000005c450000 - 0x000000005c522000 	C:\Program Files\Java\jdk1.8.0_131\jre\bin\msvcr100.dll
0x000000005af80000 - 0x000000005b81c000 	C:\Program Files\Java\jdk1.8.0_131\jre\bin\server\jvm.dll
0x00007fff244f0000 - 0x00007fff244f8000 	C:\Windows\System32\PSAPI.DLL
0x00007fff04970000 - 0x00007fff04979000 	C:\Windows\SYSTEM32\WSOCK32.dll
0x00007fff22230000 - 0x00007fff2229a000 	C:\Windows\System32\WS2_32.dll
0x00007fff1e9b0000 - 0x00007fff1e9d3000 	C:\Windows\SYSTEM32\WINMM.dll
0x00007fff16500000 - 0x00007fff1650a000 	C:\Windows\SYSTEM32\VERSION.dll
0x00007fff1e920000 - 0x00007fff1e94b000 	C:\Windows\SYSTEM32\WINMMBASE.dll
0x00007fff21a20000 - 0x00007fff21a62000 	C:\Windows\System32\cfgmgr32.dll
0x000000005cc20000 - 0x000000005cc2f000 	C:\Program Files\Java\jdk1.8.0_131\jre\bin\verify.dll
0x000000005c420000 - 0x000000005c449000 	C:\Program Files\Java\jdk1.8.0_131\jre\bin\java.dll
0x000000005c400000 - 0x000000005c416000 	C:\Program Files\Java\jdk1.8.0_131\jre\bin\zip.dll
0x00007fff22530000 - 0x00007fff23a38000 	C:\Windows\System32\SHELL32.dll
0x00007fff20e90000 - 0x00007fff2156a000 	C:\Windows\System32\windows.storage.dll
0x00007fff20c70000 - 0x00007fff20cbc000 	C:\Windows\System32\powrprof.dll
0x00007fff24490000 - 0x00007fff244e2000 	C:\Windows\System32\shlwapi.dll
0x00007fff20c30000 - 0x00007fff20c3f000 	C:\Windows\System32\kernel.appcore.dll
0x00007fff21610000 - 0x00007fff216b9000 	C:\Windows\System32\shcore.dll
0x00007fff20c50000 - 0x00007fff20c64000 	C:\Windows\System32\profapi.dll

VM Arguments:
jvm_args: -Djava.awt.headless=true -Xmx1024M -Dfile.encoding=windows-1252 -Duser.country=US -Duser.language=en -Duser.variant 
java_command: com.android.dx.command.Main --dex --num-threads=4 --output D:\Work\ContactsMg\android\app\build\intermediates\pre-dexed\debug\com.android.support-appcompat-v7-23.0.1_4ec50f83c7194ee81ad8b93822258e7d0989ae8c.jar D:\Work\ContactsMg\android\app\build\intermediates\exploded-aar\com.android.support\appcompat-v7\23.0.1\jars\classes.jar
java_class_path (initial): C:\Android\sdk\build-tools\23.0.1\lib\dx.jar
Launcher Type: SUN_STANDARD

Environment Variables:
JAVA_HOME=C:\Program Files\Java\jdk1.8.0_131
CLASSPATH=D:\Work\ContactsMg\android\\gradle\wrapper\gradle-wrapper.jar
PATH=C:\Program Files\Java\jdk1.8.0_131\bin;C:\ProgramData\Oracle\Java\javapath;C:\Windows\system32;C:\Windows;C:\Windows\System32\Wbem;C:\Windows\System32\WindowsPowerShell\v1.0\;C:\Program Files\Git\cmd;C:\Program Files\nodejs\;C:\Users\Microsoft Windows\AppData\Local\Microsoft\WindowsApps;C:\Users\Microsoft Windows\AppData\Local\atom\bin;C:\Users\Microsoft Windows\AppData\Roaming\npm
USERNAME=Microsoft Windows
OS=Windows_NT
PROCESSOR_IDENTIFIER=Intel64 Family 6 Model 60 Stepping 3, GenuineIntel



---------------  S Y S T E M  ---------------

OS: Windows 10.0 , 64 bit Build 14393 (10.0.14393.1198)

CPU:total 4 (initial active 4) (2 cores per cpu, 2 threads per core) family 6 model 60 stepping 3, cmov, cx8, fxsr, mmx, sse, sse2, sse3, ssse3, sse4.1, sse4.2, popcnt, avx, avx2, aes, clmul, erms, lzcnt, ht, tsc, tscinvbit, bmi1, bmi2

Memory: 4k page, physical 4072536k(124300k free), swap 9974484k(5292k free)

vm_info: Java HotSpot(TM) 64-Bit Server VM (25.131-b11) for windows-amd64 JRE (1.8.0_131-b11), built on Mar 15 2017 01:23:53 by "java_re" with MS VC++ 10.0 (VS2010)

time: Tue Jun 13 13:18:44 2017
elapsed time: 19 seconds (0d 0h 0m 19s)

